{"level":"info","message":"Questions served from Redis","timestamp":"2026-03-20T14:29:35.430Z"}
{"level":"info","message":"Questions served from Redis","timestamp":"2026-03-20T14:29:38.380Z"}
{"level":"info","message":"Questions served from Redis","timestamp":"2026-03-20T14:29:39.685Z"}
{"level":"info","message":"Questions served from Redis","timestamp":"2026-03-20T14:29:40.553Z"}
{"level":"info","message":"Questions served from Redis","timestamp":"2026-03-20T14:29:41.508Z"}
{"level":"info","message":"Questions served from Redis","timestamp":"2026-03-20T14:29:42.357Z"}
{"level":"info","message":"Questions served from Redis","timestamp":"2026-03-20T14:29:43.516Z"}
{"level":"info","message":"Questions served from Redis","timestamp":"2026-03-20T14:29:58.106Z"}
{"level":"info","message":"Questions served from Redis","timestamp":"2026-03-20T14:29:58.704Z"}
{"level":"info","message":"Questions served from Redis","timestamp":"2026-03-20T14:29:59.149Z"}
{"level":"info","message":"Questions served from Redis","timestamp":"2026-03-20T14:29:59.510Z"}
{"level":"info","message":"Questions served from Redis","timestamp":"2026-03-20T14:29:59.784Z"}
{"level":"info","message":"Questions served from Redis","timestamp":"2026-03-20T14:29:59.958Z"}
{"level":"info","message":"Questions served from Redis","timestamp":"2026-03-20T14:30:00.137Z"}
{"level":"info","message":"Questions served from Redis","timestamp":"2026-03-20T14:30:00.304Z"}
{"level":"info","message":"Questions served from Redis","timestamp":"2026-03-20T14:30:00.484Z"}
{"level":"info","message":"Questions served from Redis","timestamp":"2026-03-20T14:30:00.660Z"}
{"level":"info","message":"Questions served from Redis","timestamp":"2026-03-20T14:30:00.994Z"}
{"level":"info","message":"User fetched successfully","timestamp":"2026-04-09T18:33:12.642Z","uid":"lrKm640RbYbGPbUT2sSTGstuTgL2"}
{"level":"info","message":"User fetched successfully","timestamp":"2026-04-09T18:33:12.646Z","uid":"lrKm640RbYbGPbUT2sSTGstuTgL2"}
{"level":"info","message":"Questions served from Redis","timestamp":"2026-04-09T18:33:12.737Z"}
{"level":"info","message":"Questions served from Redis","timestamp":"2026-04-09T18:33:21.271Z"}
{"level":"info","message":"Questions served from Redis","timestamp":"2026-04-09T18:33:21.308Z"}
{"level":"info","message":"Fetched target question from DB","timestamp":"2026-04-09T18:33:24.974Z","title":"It's Hero Time"}
{"level":"info","message":"Fetched target question from DB","timestamp":"2026-04-09T18:33:24.976Z","title":"It's Hero Time"}
{"level":"info","message":"User fetched successfully","timestamp":"2026-04-09T18:33:36.288Z","uid":"lrKm640RbYbGPbUT2sSTGstuTgL2"}
{"level":"info","message":"User fetched successfully","timestamp":"2026-04-09T18:33:36.291Z","uid":"lrKm640RbYbGPbUT2sSTGstuTgL2"}
{"level":"info","message":"Questions served from Redis","timestamp":"2026-04-09T18:33:59.316Z"}
{"level":"info","message":"User fetched successfully","timestamp":"2026-04-09T18:33:59.324Z","uid":"lrKm640RbYbGPbUT2sSTGstuTgL2"}
{"level":"info","message":"User fetched successfully","timestamp":"2026-04-09T18:34:23.182Z","uid":"lrKm640RbYbGPbUT2sSTGstuTgL2"}
{"level":"info","message":"User already exists","timestamp":"2026-04-09T18:34:23.184Z","uid":"lrKm640RbYbGPbUT2sSTGstuTgL2"}
{"level":"info","message":"Questions served from Redis","timestamp":"2026-04-09T18:34:24.150Z"}
{"level":"info","message":"Questions served from Redis","timestamp":"2026-04-09T18:34:24.186Z"}
{"level":"info","message":"Questions served from Redis","timestamp":"2026-04-09T18:34:30.957Z"}
{"level":"info","message":"User fetched successfully","timestamp":"2026-04-09T18:34:30.959Z","uid":"lrKm640RbYbGPbUT2sSTGstuTgL2"}
{"level":"info","message":"User fetched successfully","timestamp":"2026-04-09T18:34:30.962Z","uid":"lrKm640RbYbGPbUT2sSTGstuTgL2"}
{"level":"info","message":"Questions served from Redis","timestamp":"2026-04-09T18:34:30.992Z"}
{"level":"info","message":"User fetched successfully","timestamp":"2026-04-09T18:34:31.772Z","uid":"lrKm640RbYbGPbUT2sSTGstuTgL2"}
{"level":"info","message":"User fetched successfully","timestamp":"2026-04-09T18:34:31.774Z","uid":"lrKm640RbYbGPbUT2sSTGstuTgL2"}
{"level":"warn","message":"User not found in getUser","timestamp":"2026-04-09T18:34:48.664Z","uid":"99DD7xMaeCVbaX9CbqA6kUAfINP2"}
{"level":"error","message":"Error while saving user UserProfile.save is not a function","route":"addUser","stack":"TypeError: UserProfile.save is not a function\n    at addUser (/Users/gulshankumar/Desktop/coding/CloneChamp/backend/controllers/user/addUser.js:43:17)\n    at process.processTicksAndRejections (node:internal/process/task_queues:105:5)","timestamp":"2026-04-09T18:34:48.774Z"}
{"level":"info","message":"Questions served from Redis","timestamp":"2026-04-09T18:34:49.029Z"}
{"level":"info","message":"Questions served from Redis","timestamp":"2026-04-09T18:34:49.062Z"}
{"level":"info","message":"User fetched successfully","timestamp":"2026-04-09T18:37:19.320Z","uid":"99DD7xMaeCVbaX9CbqA6kUAfINP2"}
{"level":"info","message":"User fetched successfully","timestamp":"2026-04-09T18:37:19.323Z","uid":"99DD7xMaeCVbaX9CbqA6kUAfINP2"}
{"level":"info","message":"User already exists","timestamp":"2026-04-09T18:37:34.915Z","uid":"lrKm640RbYbGPbUT2sSTGstuTgL2"}
{"level":"info","message":"User fetched successfully","timestamp":"2026-04-09T18:37:34.916Z","uid":"lrKm640RbYbGPbUT2sSTGstuTgL2"}
{"level":"info","message":"Questions served from Redis","timestamp":"2026-04-09T18:37:34.953Z"}
{"level":"info","message":"Questions served from Redis","timestamp":"2026-04-09T18:37:34.983Z"}
{"level":"info","message":"User fetched successfully","timestamp":"2026-04-09T18:37:45.417Z","uid":"lrKm640RbYbGPbUT2sSTGstuTgL2"}
{"level":"info","message":"User fetched successfully","timestamp":"2026-04-09T18:37:45.422Z","uid":"lrKm640RbYbGPbUT2sSTGstuTgL2"}
{"level":"info","message":"Questions served from Redis","timestamp":"2026-04-09T18:37:45.424Z"}
{"level":"info","message":"Questions served from Redis","timestamp":"2026-04-09T18:37:45.455Z"}
{"level":"info","message":"Question deleted successfully","qNo":"1","timestamp":"2026-04-09T18:37:49.706Z"}
{"level":"info","message":"User fetched successfully","timestamp":"2026-04-09T18:38:24.400Z","uid":"lrKm640RbYbGPbUT2sSTGstuTgL2"}
{"level":"info","message":"User fetched successfully","timestamp":"2026-04-09T18:38:24.401Z","uid":"lrKm640RbYbGPbUT2sSTGstuTgL2"}
{"level":"info","message":"User fetched successfully","timestamp":"2026-04-09T18:38:25.915Z","uid":"lrKm640RbYbGPbUT2sSTGstuTgL2"}
{"level":"info","message":"User fetched successfully","timestamp":"2026-04-09T18:38:25.916Z","uid":"lrKm640RbYbGPbUT2sSTGstuTgL2"}
{"level":"info","message":"User fetched successfully","timestamp":"2026-04-09T18:38:38.470Z","uid":"lrKm640RbYbGPbUT2sSTGstuTgL2"}
{"level":"info","message":"Questions served from Redis","timestamp":"2026-04-09T18:38:38.472Z"}
{"level":"info","message":"User fetched successfully","timestamp":"2026-04-09T18:38:38.474Z","uid":"lrKm640RbYbGPbUT2sSTGstuTgL2"}
{"level":"info","message":"Questions served from Redis","timestamp":"2026-04-09T18:38:38.504Z"}
{"level":"info","message":"Question deleted successfully","qNo":"1","timestamp":"2026-04-09T18:38:43.235Z"}
{"level":"info","message":"User fetched successfully","timestamp":"2026-04-09T18:38:44.090Z","uid":"lrKm640RbYbGPbUT2sSTGstuTgL2"}
{"level":"info","message":"User fetched successfully","timestamp":"2026-04-09T18:38:44.092Z","uid":"lrKm640RbYbGPbUT2sSTGstuTgL2"}
{"level":"info","message":"User fetched successfully","timestamp":"2026-04-09T18:39:28.535Z","uid":"lrKm640RbYbGPbUT2sSTGstuTgL2"}
{"level":"info","message":"User fetched successfully","timestamp":"2026-04-09T18:39:28.537Z","uid":"lrKm640RbYbGPbUT2sSTGstuTgL2"}
{"level":"info","message":"User fetched successfully","timestamp":"2026-04-09T18:39:30.599Z","uid":"lrKm640RbYbGPbUT2sSTGstuTgL2"}
{"level":"info","message":"User fetched successfully","timestamp":"2026-04-09T18:39:30.600Z","uid":"lrKm640RbYbGPbUT2sSTGstuTgL2"}
{"level":"info","message":"User fetched successfully","timestamp":"2026-04-09T18:39:33.545Z","uid":"lrKm640RbYbGPbUT2sSTGstuTgL2"}
{"level":"info","message":"Questions served from Redis","timestamp":"2026-04-09T18:39:33.547Z"}
{"level":"info","message":"User fetched successfully","timestamp":"2026-04-09T18:39:33.548Z","uid":"lrKm640RbYbGPbUT2sSTGstuTgL2"}
{"level":"info","message":"Questions served from Redis","timestamp":"2026-04-09T18:39:33.579Z"}
{"level":"info","message":"Questions served from Redis","timestamp":"2026-04-09T18:39:38.681Z"}
{"level":"info","message":"Questions served from Redis","timestamp":"2026-04-09T18:39:38.714Z"}
{"level":"info","message":"Question deleted successfully","qNo":"1","timestamp":"2026-04-09T18:39:43.517Z"}
{"level":"info","message":"Question deleted successfully","qNo":"1","timestamp":"2026-04-09T18:39:45.728Z"}
{"level":"info","message":"Question deleted successfully","qNo":"1","timestamp":"2026-04-09T18:39:47.361Z"}
{"level":"info","message":"User fetched successfully","timestamp":"2026-04-09T18:42:34.334Z","uid":"lrKm640RbYbGPbUT2sSTGstuTgL2"}
{"level":"info","message":"User fetched successfully","timestamp":"2026-04-09T18:42:34.338Z","uid":"lrKm640RbYbGPbUT2sSTGstuTgL2"}
{"level":"info","message":"Questions served from Redis","timestamp":"2026-04-09T18:42:34.403Z"}
{"level":"info","message":"Question deleted successfully","qNo":"1","timestamp":"2026-04-09T18:42:38.810Z"}
{"level":"info","message":"Question deleted successfully","qNo":"1","timestamp":"2026-04-09T18:42:42.887Z"}
{"level":"info","message":"Question deleted successfully","qNo":"1","timestamp":"2026-04-09T18:42:46.208Z"}
{"level":"info","message":"Question deleted successfully","qNo":"1","timestamp":"2026-04-09T18:42:48.420Z"}
{"level":"info","message":"Question deleted successfully","qNo":"1","timestamp":"2026-04-09T18:42:50.434Z"}
{"level":"info","message":"Question deleted successfully","qNo":"1","timestamp":"2026-04-09T18:42:52.369Z"}
{"level":"info","message":"User fetched successfully","timestamp":"2026-04-09T18:45:17.526Z","uid":"lrKm640RbYbGPbUT2sSTGstuTgL2"}
{"level":"info","message":"User fetched successfully","timestamp":"2026-04-09T18:45:17.536Z","uid":"lrKm640RbYbGPbUT2sSTGstuTgL2"}
{"level":"info","message":"Questions served from Redis","timestamp":"2026-04-09T18:45:17.607Z"}
{"level":"info","message":"User fetched successfully","timestamp":"2026-04-09T18:48:02.197Z","uid":"lrKm640RbYbGPbUT2sSTGstuTgL2"}
{"level":"info","message":"Questions served from Redis","timestamp":"2026-04-09T18:48:02.199Z"}
{"level":"info","message":"User fetched successfully","timestamp":"2026-04-09T18:48:02.200Z","uid":"lrKm640RbYbGPbUT2sSTGstuTgL2"}
{"level":"info","message":"Questions served from Redis","timestamp":"2026-04-09T18:48:02.231Z"}
{"level":"info","message":"Questions served from Redis","timestamp":"2026-04-09T18:49:44.160Z"}
{"level":"info","message":"User fetched successfully","timestamp":"2026-04-09T18:49:44.162Z","uid":"lrKm640RbYbGPbUT2sSTGstuTgL2"}
{"level":"info","message":"User fetched successfully","timestamp":"2026-04-09T18:49:44.181Z","uid":"lrKm640RbYbGPbUT2sSTGstuTgL2"}
{"level":"info","message":"Questions served from Redis","timestamp":"2026-04-09T18:49:44.729Z"}
{"level":"info","message":"User fetched successfully","timestamp":"2026-04-09T20:18:42.808Z","uid":"lrKm640RbYbGPbUT2sSTGstuTgL2"}
{"level":"info","message":"User fetched successfully","timestamp":"2026-04-09T20:18:42.813Z","uid":"lrKm640RbYbGPbUT2sSTGstuTgL2"}
{"level":"info","message":"Questions served from Redis","timestamp":"2026-04-09T20:18:42.891Z"}
{"level":"info","message":"Questions served from Redis","timestamp":"2026-04-09T20:19:10.015Z"}
{"level":"info","message":"User fetched successfully","timestamp":"2026-04-09T20:19:10.034Z","uid":"lrKm640RbYbGPbUT2sSTGstuTgL2"}
{"level":"info","message":"User fetched successfully","timestamp":"2026-04-09T20:19:10.040Z","uid":"lrKm640RbYbGPbUT2sSTGstuTgL2"}
{"level":"info","message":"Questions served from Redis","timestamp":"2026-04-09T20:19:10.046Z"}
{"level":"info","message":"Questions served from Redis","timestamp":"2026-04-09T20:20:05.172Z"}
{"level":"info","message":"Questions served from Redis","timestamp":"2026-04-09T20:20:05.206Z"}
{"level":"info","message":"User fetched successfully","timestamp":"2026-04-11T11:35:08.130Z","uid":"lrKm640RbYbGPbUT2sSTGstuTgL2"}
{"level":"info","message":"User fetched successfully","timestamp":"2026-04-11T11:35:08.133Z","uid":"lrKm640RbYbGPbUT2sSTGstuTgL2"}
{"level":"info","message":"Questions served from Redis","timestamp":"2026-04-11T11:35:08.288Z"}
{"level":"info","message":"Questions served from Redis","timestamp":"2026-04-11T11:35:11.512Z"}
{"level":"info","message":"Questions served from Redis","timestamp":"2026-04-11T11:35:11.544Z"}
{"level":"info","message":"User fetched successfully","timestamp":"2026-04-11T11:36:19.302Z","uid":"lrKm640RbYbGPbUT2sSTGstuTgL2"}
{"level":"info","message":"Questions served from Redis","timestamp":"2026-04-11T11:36:19.304Z"}
{"level":"info","message":"User fetched successfully","timestamp":"2026-04-11T11:36:19.306Z","uid":"lrKm640RbYbGPbUT2sSTGstuTgL2"}
{"level":"info","message":"Questions served from Redis","timestamp":"2026-04-11T11:36:19.337Z"}
{"level":"info","message":"User fetched successfully","timestamp":"2026-04-11T11:36:21.061Z","uid":"lrKm640RbYbGPbUT2sSTGstuTgL2"}
{"level":"info","message":"Questions served from Redis","timestamp":"2026-04-11T11:36:21.062Z"}
{"level":"info","message":"User fetched successfully","timestamp":"2026-04-11T11:36:21.064Z","uid":"lrKm640RbYbGPbUT2sSTGstuTgL2"}
{"level":"info","message":"Questions served from Redis","timestamp":"2026-04-11T11:36:21.096Z"}
{"level":"info","message":"User fetched successfully","timestamp":"2026-04-11T11:36:23.478Z","uid":"lrKm640RbYbGPbUT2sSTGstuTgL2"}
{"level":"info","message":"Questions served from Redis","timestamp":"2026-04-11T11:36:23.479Z"}
{"level":"info","message":"User fetched successfully","timestamp":"2026-04-11T11:36:23.480Z","uid":"lrKm640RbYbGPbUT2sSTGstuTgL2"}
{"level":"info","message":"Questions served from Redis","timestamp":"2026-04-11T11:36:23.550Z"}
{"level":"info","message":"User fetched successfully","timestamp":"2026-04-11T11:36:34.607Z","uid":"lrKm640RbYbGPbUT2sSTGstuTgL2"}
{"level":"info","message":"Questions served from Redis","timestamp":"2026-04-11T11:36:34.619Z"}
{"level":"info","message":"User fetched successfully","timestamp":"2026-04-11T11:36:34.620Z","uid":"lrKm640RbYbGPbUT2sSTGstuTgL2"}
{"level":"info","message":"Questions served from Redis","timestamp":"2026-04-11T11:36:34.651Z"}
{"level":"info","message":"User fetched successfully","timestamp":"2026-04-11T11:39:34.390Z","uid":"lrKm640RbYbGPbUT2sSTGstuTgL2"}
{"level":"info","message":"User fetched successfully","timestamp":"2026-04-11T11:39:34.405Z","uid":"lrKm640RbYbGPbUT2sSTGstuTgL2"}
{"level":"info","message":"Questions served from Redis","timestamp":"2026-04-11T11:39:34.484Z"}
{"level":"info","message":"Target question served from Redis","timestamp":"2026-04-11T11:54:16.004Z","title":"It's Hero Time"}
{"level":"info","message":"Target question served from Redis","timestamp":"2026-04-11T11:54:16.019Z","title":"It's Hero Time"}
{"level":"info","message":"User fetched successfully","timestamp":"2026-04-11T11:57:45.176Z","uid":"lrKm640RbYbGPbUT2sSTGstuTgL2"}
{"level":"info","message":"User fetched successfully","timestamp":"2026-04-11T11:57:45.179Z","uid":"lrKm640RbYbGPbUT2sSTGstuTgL2"}
{"level":"info","message":"Questions served from Redis","timestamp":"2026-04-11T11:57:45.347Z"}
{"level":"info","message":"Questions served from Redis","timestamp":"2026-04-11T11:57:47.554Z"}
{"level":"info","message":"Questions served from Redis","timestamp":"2026-04-11T11:57:47.586Z"}
{"level":"info","message":"Target question served from Redis","timestamp":"2026-04-11T11:57:48.721Z","title":"It's Hero Time"}
{"level":"info","message":"Target question served from Redis","timestamp":"2026-04-11T11:57:48.722Z","title":"It's Hero Time"}
{"level":"info","message":"User fetched successfully","timestamp":"2026-04-11T11:58:35.690Z","uid":"lrKm640RbYbGPbUT2sSTGstuTgL2"}
{"level":"info","message":"Target question served from Redis","timestamp":"2026-04-11T11:58:35.693Z","title":"It's Hero Time"}
{"level":"info","message":"User fetched successfully","timestamp":"2026-04-11T11:58:35.698Z","uid":"lrKm640RbYbGPbUT2sSTGstuTgL2"}
{"level":"info","message":"Target question served from Redis","timestamp":"2026-04-11T11:58:35.699Z","title":"It's Hero Time"}
{"level":"info","message":"Target question served from Redis","timestamp":"2026-04-11T11:59:19.460Z","title":"It's Hero Time"}
{"level":"info","message":"Target question served from Redis","timestamp":"2026-04-11T11:59:20.367Z","title":"It's Hero Time"}
{"level":"info","message":"Target question served from Redis","timestamp":"2026-04-11T11:59:22.258Z","title":"It's Hero Time"}
{"level":"info","message":"Target question served from Redis","timestamp":"2026-04-11T11:59:24.939Z","title":"It's Hero Time"}
{"level":"info","message":"Target question served from Redis","timestamp":"2026-04-11T11:59:29.272Z","title":"It's Hero Time"}
{"level":"info","message":"Target question served from Redis","timestamp":"2026-04-11T11:59:40.278Z","title":"It's Hero Time"}
{"level":"info","message":"Target question served from Redis","timestamp":"2026-04-11T11:59:40.279Z","title":"It's Hero Time"}
{"level":"info","message":"User fetched successfully","timestamp":"2026-04-11T11:59:40.283Z","uid":"lrKm640RbYbGPbUT2sSTGstuTgL2"}
{"level":"info","message":"User fetched successfully","timestamp":"2026-04-11T11:59:40.285Z","uid":"lrKm640RbYbGPbUT2sSTGstuTgL2"}
{"level":"info","message":"Target question served from Redis","timestamp":"2026-04-11T12:03:05.941Z","title":"It's Hero Time"}
{"level":"info","message":"Target question served from Redis","timestamp":"2026-04-11T12:03:08.482Z","title":"It's Hero Time"}
{"level":"info","message":"Target question served from Redis","timestamp":"2026-04-11T12:03:14.770Z","title":"It's Hero Time"}
{"level":"info","message":"Target question served from Redis","timestamp":"2026-04-11T12:03:17.780Z","title":"It's Hero Time"}
{"level":"info","message":"Fetched target question from DB","timestamp":"2026-04-11T12:05:46.090Z","title":"It's Hero Time"}
{"level":"info","message":"Target question served from Redis","timestamp":"2026-04-11T12:05:54.009Z","title":"It's Hero Time"}
{"level":"info","message":"Target question served from Redis","timestamp":"2026-04-11T12:06:24.899Z","title":"It's Hero Time"}
{"level":"info","message":"User fetched successfully","timestamp":"2026-04-11T12:06:24.900Z","uid":"lrKm640RbYbGPbUT2sSTGstuTgL2"}
{"level":"info","message":"User fetched successfully","timestamp":"2026-04-11T12:06:24.926Z","uid":"lrKm640RbYbGPbUT2sSTGstuTgL2"}
{"level":"info","message":"Target question served from Redis","timestamp":"2026-04-11T12:06:24.932Z","title":"It's Hero Time"}
{"level":"info","message":"Target question served from Redis","timestamp":"2026-04-11T12:06:35.300Z","title":"It's Hero Time"}
{"level":"info","message":"User fetched successfully","timestamp":"2026-04-11T12:06:50.462Z","uid":"lrKm640RbYbGPbUT2sSTGstuTgL2"}
{"level":"info","message":"User fetched successfully","timestamp":"2026-04-11T12:06:50.464Z","uid":"lrKm640RbYbGPbUT2sSTGstuTgL2"}
{"level":"info","message":"Questions served from Redis","timestamp":"2026-04-11T12:06:50.553Z"}
{"level":"info","message":"Questions served from Redis","timestamp":"2026-04-11T12:06:52.375Z"}
{"level":"info","message":"Questions served from Redis","timestamp":"2026-04-11T12:06:52.406Z"}
{"level":"info","message":"Target question served from Redis","timestamp":"2026-04-11T12:06:53.530Z","title":"It's Hero Time"}
{"level":"info","message":"Target question served from Redis","timestamp":"2026-04-11T12:06:53.532Z","title":"It's Hero Time"}
{"level":"info","message":"Target question served from Redis","timestamp":"2026-04-11T12:08:17.355Z","title":"It's Hero Time"}
{"level":"info","message":"User fetched successfully","timestamp":"2026-04-11T12:08:17.357Z","uid":"lrKm640RbYbGPbUT2sSTGstuTgL2"}
{"level":"info","message":"User fetched successfully","timestamp":"2026-04-11T12:08:17.358Z","uid":"lrKm640RbYbGPbUT2sSTGstuTgL2"}
{"level":"info","message":"Target question served from Redis","timestamp":"2026-04-11T12:08:17.359Z","title":"It's Hero Time"}
{"level":"info","message":"Target question served from Redis","timestamp":"2026-04-11T12:10:18.238Z","title":"It's Hero Time"}
{"level":"info","message":"User fetched successfully","timestamp":"2026-04-11T12:17:41.395Z","uid":"lrKm640RbYbGPbUT2sSTGstuTgL2"}
{"level":"info","message":"User fetched successfully","timestamp":"2026-04-11T12:17:41.398Z","uid":"lrKm640RbYbGPbUT2sSTGstuTgL2"}
{"level":"info","message":"Questions served from Redis","timestamp":"2026-04-11T12:17:41.495Z"}
{"level":"info","message":"Questions served from Redis","timestamp":"2026-04-11T12:17:43.249Z"}
{"level":"info","message":"Questions served from Redis","timestamp":"2026-04-11T12:17:43.281Z"}
{"level":"info","message":"Target question served from Redis","timestamp":"2026-04-11T12:17:44.718Z","title":"It's Hero Time"}
{"level":"info","message":"Target question served from Redis","timestamp":"2026-04-11T12:17:44.719Z","title":"It's Hero Time"}
{"level":"info","message":"User fetched successfully","timestamp":"2026-04-11T12:55:02.415Z","uid":"lrKm640RbYbGPbUT2sSTGstuTgL2"}
{"level":"info","message":"User fetched successfully","timestamp":"2026-04-11T12:55:02.425Z","uid":"lrKm640RbYbGPbUT2sSTGstuTgL2"}
{"level":"info","message":"Questions served from Redis","timestamp":"2026-04-11T12:55:02.487Z"}
{"level":"info","message":"Questions served from Redis","timestamp":"2026-04-11T12:55:03.888Z"}
{"level":"info","message":"Questions served from Redis","timestamp":"2026-04-11T12:55:03.918Z"}
{"level":"info","message":"Target question served from Redis","timestamp":"2026-04-11T12:55:15.959Z","title":"It's Hero Time"}
{"level":"info","message":"Target question served from Redis","timestamp":"2026-04-11T12:55:15.960Z","title":"It's Hero Time"}
